<?xml version="1.0" encoding="UTF-8"?>
<!-- Generated by org.testng.reporters.JUnitReportReporter -->
<testsuite hostname="LTCJ395" failures="0" tests="3" name="addTestng.NewTest" time="25.441" errors="0" timestamp="2021-12-14T14:54:48 IST" skipped="0">
  <testcase classname="addTestng.NewTest" name="sys" time="15.892"/>
  <system-out/>
  <testcase classname="addTestng.NewTest" name="login" time="5.236"/>
  <system-out/>
  <testcase classname="addTestng.NewTest" name="myAccount" time="4.313"/>
  <system-out/>
</testsuite> <!-- addTestng.NewTest -->
