<?xml version="1.0" encoding="UTF-8"?>
<!-- Generated by org.testng.reporters.JUnitReportReporter -->
<testsuite hostname="LTCJ395" failures="0" tests="4" name="addTestng.endToend" time="40.308" errors="0" timestamp="2021-12-14T14:54:48 IST" skipped="0">
  <testcase classname="addTestng.endToend" name="reg" time="7.900"/>
  <system-out/>
  <testcase classname="addTestng.endToend" name="purchase" time="20.482"/>
  <system-out/>
  <testcase classname="addTestng.endToend" name="fillDetails" time="7.615"/>
  <system-out/>
  <testcase classname="addTestng.endToend" name="takeScreenShot" time="4.311"/>
  <system-out/>
</testsuite> <!-- addTestng.endToend -->
