<?xml version="1.0" encoding="UTF-8"?>
<!-- Generated by org.testng.reporters.JUnitReportReporter -->
<testsuite hostname="LTCJ395" failures="0" tests="1" name="commerceModules.NewTest" time="15.102" errors="0" timestamp="2021-11-25T15:40:08 IST" skipped="0">
  <testcase classname="commerceModules.NewTest" name="reg" time="15.102"/>
  <system-out/>
</testsuite> <!-- commerceModules.NewTest -->
